[debug] [2024-04-01T16:55:16.714Z] ----------------------------------------------------------------------
[debug] [2024-04-01T16:55:16.717Z] Command:       /Users/wakamann/.nvm/versions/node/v16.17.0/bin/node /usr/local/bin/firebase deploy
[debug] [2024-04-01T16:55:16.717Z] CLI Version:   11.24.0
[debug] [2024-04-01T16:55:16.717Z] Platform:      darwin
[debug] [2024-04-01T16:55:16.718Z] Node Version:  v16.17.0
[debug] [2024-04-01T16:55:16.719Z] Time:          Mon Apr 01 2024 17:55:16 GMT+0100 (West Africa Standard Time)
[debug] [2024-04-01T16:55:16.720Z] ----------------------------------------------------------------------
[debug] 
[debug] [2024-04-01T16:55:16.808Z] > command requires scopes: ["email","openid","https://www.googleapis.com/auth/cloudplatformprojects.readonly","https://www.googleapis.com/auth/firebase","https://www.googleapis.com/auth/cloud-platform"]
[debug] [2024-04-01T16:55:16.809Z] > authorizing via signed-in user (obend678@gmail.com)
[debug] [2024-04-01T16:55:16.809Z] [iam] checking project firebasetestdrive for permissions ["firebase.projects.get","firebasehosting.sites.update"]
[debug] [2024-04-01T16:55:16.812Z] >>> [apiv2][query] POST https://cloudresourcemanager.googleapis.com/v1/projects/firebasetestdrive:testIamPermissions [none]
[debug] [2024-04-01T16:55:16.812Z] >>> [apiv2][(partial)header] POST https://cloudresourcemanager.googleapis.com/v1/projects/firebasetestdrive:testIamPermissions x-goog-quota-user=projects/firebasetestdrive
[debug] [2024-04-01T16:55:16.813Z] >>> [apiv2][body] POST https://cloudresourcemanager.googleapis.com/v1/projects/firebasetestdrive:testIamPermissions {"permissions":["firebase.projects.get","firebasehosting.sites.update"]}
[debug] [2024-04-01T16:55:18.603Z] <<< [apiv2][status] POST https://cloudresourcemanager.googleapis.com/v1/projects/firebasetestdrive:testIamPermissions 200
[debug] [2024-04-01T16:55:18.603Z] <<< [apiv2][body] POST https://cloudresourcemanager.googleapis.com/v1/projects/firebasetestdrive:testIamPermissions {"permissions":["firebase.projects.get","firebasehosting.sites.update"]}
[debug] [2024-04-01T16:55:18.605Z] >>> [apiv2][query] GET https://firebase.googleapis.com/v1beta1/projects/firebasetestdrive [none]
[debug] [2024-04-01T16:55:19.637Z] <<< [apiv2][status] GET https://firebase.googleapis.com/v1beta1/projects/firebasetestdrive 200
[debug] [2024-04-01T16:55:19.638Z] <<< [apiv2][body] GET https://firebase.googleapis.com/v1beta1/projects/firebasetestdrive {"projectId":"firebasetestdrive","projectNumber":"710313127504","displayName":"firebase expert","name":"projects/firebasetestdrive","resources":{"hostingSite":"fir-testdrive-ca1a3","realtimeDatabaseInstance":"fir-testdrive-ca1a3","storageBucket":"firebasetestdrive.appspot.com","locationId":"us-central"},"state":"ACTIVE","etag":"1_f4a8fa6a-0e7b-4e5e-87ce-07fee67ef4e5"}
[info] 
[info] === Deploying to 'firebasetestdrive'...
[info] 
[info] i  deploying hosting 
[debug] [2024-04-01T16:55:19.644Z] >>> [apiv2][query] POST https://firebasehosting.googleapis.com/v1beta1/projects/-/sites/snapcoins/versions [none]
[debug] [2024-04-01T16:55:19.644Z] >>> [apiv2][body] POST https://firebasehosting.googleapis.com/v1beta1/projects/-/sites/snapcoins/versions {"status":"CREATED","labels":{"deployment-tool":"cli-firebase"}}
[debug] [2024-04-01T16:55:22.036Z] <<< [apiv2][status] POST https://firebasehosting.googleapis.com/v1beta1/projects/-/sites/snapcoins/versions 200
[debug] [2024-04-01T16:55:22.036Z] <<< [apiv2][body] POST https://firebasehosting.googleapis.com/v1beta1/projects/-/sites/snapcoins/versions {"name":"projects/710313127504/sites/snapcoins/versions/a6f5694c5adb474f","status":"CREATED","config":{},"labels":{"deployment-tool":"cli-firebase"}}
[info] i  hosting[snapcoins]: beginning deploy... 
[info] i  hosting[snapcoins]: found 28 files in dist 
[debug] [2024-04-01T16:55:22.049Z] [hosting] uploading with 200 concurrency
[debug] [2024-04-01T16:55:22.111Z] [hosting] hash cache [ZGlzdA] stored for 28 files
[debug] [2024-04-01T16:55:22.111Z] [hosting][hash queue][FINAL] {"max":53,"min":17,"avg":20.571428571428573,"active":0,"complete":28,"success":28,"errored":0,"retried":0,"total":28,"elapsed":58}
[debug] [2024-04-01T16:55:22.112Z] >>> [apiv2][query] POST https://firebasehosting.googleapis.com/v1beta1/projects/710313127504/sites/snapcoins/versions/a6f5694c5adb474f:populateFiles [none]
[debug] [2024-04-01T16:55:22.112Z] >>> [apiv2][body] POST https://firebasehosting.googleapis.com/v1beta1/projects/710313127504/sites/snapcoins/versions/a6f5694c5adb474f:populateFiles {"files":{"/index.html":"256cd7a78deb6b3f4cce9788c3b31849a25d525ac23cde9f24fc59beaf88e873","/favicon.png":"8e68255d734086edf5b43bd7f16d3afc37ef2b9b2a4e8fc385e87a79b665ef3e","/manifest.json":"e429623c3a42869f370c36c8ffe32bd2d40676d80a8c3aa6bde493d3a15a32d5","/assets/avatar.svg":"aabdd7a4e74842ff381f216c7e49fff1c575f719ff5ecdbe717ef5ddbd9f237c","/assets/avatar.png":"7a2e3a2de4ab87db6f0049229c7afcc45696cc150e0255d17a3213cdccb4995b","/assets/focus-visible-legacy-CdO5cX4I.js":"9d8d245035dda8c199990d3b2e4987fe12cd94a2cddfee949dc1d21fb0043aff","/assets/focus-visible-supuXXMI.js":"8dbed4d85519138e681ec9b47780d7277c358683886f4dfdbe8262d23f3f4c5a","/assets/index3-CuXkOxz3.js":"180d8d3b4c5e48f7208a9ef2dbc21259d982122e8aaa7fd8959949c223b0ff60","/assets/index3-legacy-CxZPPYuw.js":"e4503d940d048888a06608cc70114b72557fdb3bcff0afef264942f7b71b3eaa","/assets/index9-_Jo0GNuJ.js":"2cc62ebdf8434d0c7ade13313de50865c8d7519e8b416543d08ccdbe5da01cde","/assets/index9-legacy-Cu6fVvac.js":"603563f11208a38660808c8b03a49aaff41d4d89db29d7943c03d6e2fa42742b","/assets/input-shims-7Wso_Icz.js":"ab20bee8addcbc1f4cfcd27b7b9056b0bee86905f762c212356561a353a48537","/assets/input-shims-legacy-Yko76hPf.js":"d456031976a2d01cb53dfb935e22276f6e6ed6fe2c575a53bd642ae990d47e71","/assets/index-CUP4yst1.css":"d72cc6e59af61a73b2aa5d508c6160d8a155a4d299e0af126daa902b5210e948","/assets/ios.transition-legacy-MsAPr8Hx.js":"b88e9c2b875f9febaf2d1e2905d50bfe4bf3ad8a90db61f6f871bde5141a2e32","/assets/ios.transition-Dnq58EXf.js":"534722f6fd7d2b7d3cf90773a074a6f816cd04140dc83134b42d4d8995c51b09","/assets/keyboard2-DnzQk-09.js":"9f79b7b104f88c44453b6a226a9b77280d5a3eb716dae05b4410c69b726e1cb3","/assets/md.transition-legacy-Bq3-6vWZ.js":"9a65ffc6edf4aab4490c14323ec26f319e3d005caecf257d028fe220f27213dd","/assets/md.transition-BhiRCpIy.js":"01db1a2c763c56642ff810b134b80e9b7e55f79172d04e4d07445c8fabd318b2","/assets/status-tap-CIpUSXAj.js":"d8d91779023ae6047bd01e07cc1f42217635a0315fdc1cad3909644bfaf5a876","/assets/swipe-back-C6z3l3TH.js":"edd3160bb2ebb0252aeccec57e190b048eba5ac51d689bd4a02d5fab06900c6c","/assets/status-tap-legacy-B44cPBzt.js":"4fec5ca16822d6c7ffc1142df98c774180cc648f4a9341747145aae7ebb405db","/assets/swipe-back-legacy-BX-BK9iS.js":"adde545ed9f14357d6688e1d7943aa5205054b2d560668938687ee825d8db5cd","/assets/keyboard2-legacy-hc9rnj-n.js":"42deaeee5b82a2ea719c57eea68d93ae06bf5d03f32577ef0f65c24525e0e59f","/assets/mobile-money.png":"cf2fd254902e38cf57f657a2f37bf2048b7a7efb18dd7136c485230adaa83d26","/assets/polyfills-legacy--40Skm6-.js":"73b46e980e3839b4d8ed48978db0c6fa8cc43438245e18a31f56c4f73bc8641f","/assets/index-BONQoiFp.js":"f298080d5a5795106919897ef916a6a7f3bc5c4212ad1ef9b26cc0e6cac5fe11","/assets/index-legacy-DyPl6ZPG.js":"0ab0d327a0afa440b592d676fcff4403e41ef53378e46ffb9dfe7d839a8b8243"}}
